============================================
Compiling UQTk with:
 - gnu compilers
 - python interface ON
============================================
-- The C compiler identification is GNU 4.8.3
-- The CXX compiler identification is GNU 4.8.3
-- Checking whether C compiler has -isysroot
-- Checking whether C compiler has -isysroot - yes
-- Checking whether C compiler supports OSX deployment target flag
-- Checking whether C compiler supports OSX deployment target flag - yes
-- Check for working C compiler: /usr/local/bin/gcc-4.8
-- Check for working C compiler: /usr/local/bin/gcc-4.8 -- works
-- Detecting C compiler ABI info
-- Detecting C compiler ABI info - done
-- Checking whether CXX compiler has -isysroot
-- Checking whether CXX compiler has -isysroot - yes
-- Checking whether CXX compiler supports OSX deployment target flag
-- Checking whether CXX compiler supports OSX deployment target flag - yes
-- Check for working CXX compiler: /usr/local/bin/g++-4.8
-- Check for working CXX compiler: /usr/local/bin/g++-4.8 -- works
-- Detecting CXX compiler ABI info
-- Detecting CXX compiler ABI info - done
-- The Fortran compiler identification is GNU
-- Check for working Fortran compiler: /usr/local/bin/gfortran-4.8
-- Check for working Fortran compiler: /usr/local/bin/gfortran-4.8  -- works
-- Detecting Fortran compiler ABI info
-- Detecting Fortran compiler ABI info - done
-- Checking whether /usr/local/bin/gfortran-4.8 supports Fortran 90
-- Checking whether /usr/local/bin/gfortran-4.8 supports Fortran 90 -- yes
-- Added NVECTOR_SERIAL module
-- Added CVODE module
-- Found SWIG: /usr/local/opt/swig-3.0.2/bin/swig (found version "3.0.2") 
-- Found PythonLibs: /usr/lib/libpython2.7.dylib (found version "2.7.5") 
-- Configuring done
-- Generating done
-- Build files have been written to: somedir/UQTk-build
