Scanning dependencies of target depuqtk
[  0%] Building Fortran object dep/CMakeFiles/depuqtk.dir/slatec/dasum.f.o
[  0%] Building Fortran object dep/CMakeFiles/depuqtk.dir/slatec/dgbfa.f.o
[  0%] Building Fortran object dep/CMakeFiles/depuqtk.dir/slatec/dgbsl.f.o
[  1%] Building Fortran object dep/CMakeFiles/depuqtk.dir/slatec/dgeco.f.o
[  1%] Building Fortran object dep/CMakeFiles/depuqtk.dir/slatec/dgefa.f.o
[  1%] Building Fortran object dep/CMakeFiles/depuqtk.dir/slatec/dgefs.f.o
[  1%] Building Fortran object dep/CMakeFiles/depuqtk.dir/slatec/dgesl.f.o
[  1%] Building Fortran object dep/CMakeFiles/depuqtk.dir/slatec/dgmres.f.o
[  1%] Building Fortran object dep/CMakeFiles/depuqtk.dir/slatec/dhels.f.o
[  1%] Building Fortran object dep/CMakeFiles/depuqtk.dir/slatec/dheqr.f.o
[  2%] Building Fortran object dep/CMakeFiles/depuqtk.dir/slatec/dorth.f.o
[  2%] Building Fortran object dep/CMakeFiles/depuqtk.dir/slatec/dpigmr.f.o
[  2%] Building Fortran object dep/CMakeFiles/depuqtk.dir/slatec/drlcal.f.o
[  2%] Building Fortran object dep/CMakeFiles/depuqtk.dir/slatec/dsort.f.o
[  2%] Building Fortran object dep/CMakeFiles/depuqtk.dir/slatec/dxlcal.f.o
[  2%] Building Fortran object dep/CMakeFiles/depuqtk.dir/slatec/fdump.f.o
[  3%] Building Fortran object dep/CMakeFiles/depuqtk.dir/slatec/i1mach.f.o
[  3%] Building Fortran object dep/CMakeFiles/depuqtk.dir/slatec/isdgmr.f.o
[  3%] Building Fortran object dep/CMakeFiles/depuqtk.dir/slatec/isort.f.o
[  3%] Building Fortran object dep/CMakeFiles/depuqtk.dir/slatec/j4save.f.o
[  3%] Building Fortran object dep/CMakeFiles/depuqtk.dir/slatec/xercnt.f.o
[  3%] Building Fortran object dep/CMakeFiles/depuqtk.dir/slatec/xerhlt.f.o
[  4%] Building Fortran object dep/CMakeFiles/depuqtk.dir/slatec/xermsg.f.o
[  4%] Building Fortran object dep/CMakeFiles/depuqtk.dir/slatec/xerprn.f.o
[  4%] Building Fortran object dep/CMakeFiles/depuqtk.dir/slatec/xersve.f.o
[  4%] Building Fortran object dep/CMakeFiles/depuqtk.dir/slatec/xgetua.f.o
[  4%] Building Fortran object dep/CMakeFiles/depuqtk.dir/blas/caxpy.f.o
[  4%] Building Fortran object dep/CMakeFiles/depuqtk.dir/blas/ccopy.f.o
[  5%] Building Fortran object dep/CMakeFiles/depuqtk.dir/blas/cdotc.f.o
[  5%] Building Fortran object dep/CMakeFiles/depuqtk.dir/blas/cdotu.f.o
[  5%] Building Fortran object dep/CMakeFiles/depuqtk.dir/blas/cgbmv.f.o
[  5%] Building Fortran object dep/CMakeFiles/depuqtk.dir/blas/cgemm.f.o
[  5%] Building Fortran object dep/CMakeFiles/depuqtk.dir/blas/cgemv.f.o
[  5%] Building Fortran object dep/CMakeFiles/depuqtk.dir/blas/cgerc.f.o
[  6%] Building Fortran object dep/CMakeFiles/depuqtk.dir/blas/cgeru.f.o
[  6%] Building Fortran object dep/CMakeFiles/depuqtk.dir/blas/cscal.f.o
[  6%] Building Fortran object dep/CMakeFiles/depuqtk.dir/blas/csscal.f.o
[  6%] Building Fortran object dep/CMakeFiles/depuqtk.dir/blas/cswap.f.o
[  6%] Building Fortran object dep/CMakeFiles/depuqtk.dir/blas/ctbsv.f.o
[  6%] Building Fortran object dep/CMakeFiles/depuqtk.dir/blas/ctrmm.f.o
[  7%] Building Fortran object dep/CMakeFiles/depuqtk.dir/blas/ctrsm.f.o
[  7%] Building Fortran object dep/CMakeFiles/depuqtk.dir/blas/ctrsv.f.o
[  7%] Building Fortran object dep/CMakeFiles/depuqtk.dir/blas/d1mach.f.o
[  7%] Building Fortran object dep/CMakeFiles/depuqtk.dir/blas/dasum.f.o
[  7%] Building Fortran object dep/CMakeFiles/depuqtk.dir/blas/daxpy.f.o
[  7%] Building Fortran object dep/CMakeFiles/depuqtk.dir/blas/dcopy.f.o
[  7%] Building Fortran object dep/CMakeFiles/depuqtk.dir/blas/ddot.f.o
[  8%] Building Fortran object dep/CMakeFiles/depuqtk.dir/blas/dgbmv.f.o
[  8%] Building Fortran object dep/CMakeFiles/depuqtk.dir/blas/dgemm.f.o
[  8%] Building Fortran object dep/CMakeFiles/depuqtk.dir/blas/dgemv.f.o
[  8%] Building Fortran object dep/CMakeFiles/depuqtk.dir/blas/dger.f.o
[  8%] Building Fortran object dep/CMakeFiles/depuqtk.dir/blas/dnrm2.f.o
[  8%] Building Fortran object dep/CMakeFiles/depuqtk.dir/blas/drot.f.o
[  9%] Building Fortran object dep/CMakeFiles/depuqtk.dir/blas/drotg.f.o
[  9%] Building Fortran object dep/CMakeFiles/depuqtk.dir/blas/dscal.f.o
[  9%] Building Fortran object dep/CMakeFiles/depuqtk.dir/blas/dswap.f.o
[  9%] Building Fortran object dep/CMakeFiles/depuqtk.dir/blas/dsymv.f.o
[  9%] Building Fortran object dep/CMakeFiles/depuqtk.dir/blas/dsyr2.f.o
[  9%] Building Fortran object dep/CMakeFiles/depuqtk.dir/blas/dsyr2k.f.o
[ 10%] Building Fortran object dep/CMakeFiles/depuqtk.dir/blas/dsyrk.f.o
[ 10%] Building Fortran object dep/CMakeFiles/depuqtk.dir/blas/dtbsv.f.o
[ 10%] Building Fortran object dep/CMakeFiles/depuqtk.dir/blas/dtrmm.f.o
[ 10%] Building Fortran object dep/CMakeFiles/depuqtk.dir/blas/dtrmv.f.o
[ 10%] Building Fortran object dep/CMakeFiles/depuqtk.dir/blas/dtrsm.f.o
[ 10%] Building Fortran object dep/CMakeFiles/depuqtk.dir/blas/dzasum.f.o
[ 11%] Building Fortran object dep/CMakeFiles/depuqtk.dir/blas/dznrm2.f.o
[ 11%] Building Fortran object dep/CMakeFiles/depuqtk.dir/blas/icamax.f.o
[ 11%] Building Fortran object dep/CMakeFiles/depuqtk.dir/blas/idamax.f.o
[ 11%] Building Fortran object dep/CMakeFiles/depuqtk.dir/blas/isamax.f.o
[ 11%] Building Fortran object dep/CMakeFiles/depuqtk.dir/blas/izamax.f.o
[ 11%] Building Fortran object dep/CMakeFiles/depuqtk.dir/blas/lsame.f.o
[ 12%] Building Fortran object dep/CMakeFiles/depuqtk.dir/blas/sasum.f.o
[ 12%] Building Fortran object dep/CMakeFiles/depuqtk.dir/blas/saxpy.f.o
[ 12%] Building Fortran object dep/CMakeFiles/depuqtk.dir/blas/scasum.f.o
[ 12%] Building Fortran object dep/CMakeFiles/depuqtk.dir/blas/scnrm2.f.o
[ 12%] Building Fortran object dep/CMakeFiles/depuqtk.dir/blas/scopy.f.o
[ 12%] Building Fortran object dep/CMakeFiles/depuqtk.dir/blas/sdot.f.o
[ 13%] Building Fortran object dep/CMakeFiles/depuqtk.dir/blas/sgbmv.f.o
[ 13%] Building Fortran object dep/CMakeFiles/depuqtk.dir/blas/sgemm.f.o
[ 13%] Building Fortran object dep/CMakeFiles/depuqtk.dir/blas/sgemv.f.o
[ 13%] Building Fortran object dep/CMakeFiles/depuqtk.dir/blas/sger.f.o
[ 13%] Building Fortran object dep/CMakeFiles/depuqtk.dir/blas/snrm2.f.o
[ 13%] Building Fortran object dep/CMakeFiles/depuqtk.dir/blas/srot.f.o
[ 13%] Building Fortran object dep/CMakeFiles/depuqtk.dir/blas/srotg.f.o
[ 14%] Building Fortran object dep/CMakeFiles/depuqtk.dir/blas/sscal.f.o
[ 14%] Building Fortran object dep/CMakeFiles/depuqtk.dir/blas/sswap.f.o
[ 14%] Building Fortran object dep/CMakeFiles/depuqtk.dir/blas/ssymv.f.o
[ 14%] Building Fortran object dep/CMakeFiles/depuqtk.dir/blas/ssyr2.f.o
[ 14%] Building Fortran object dep/CMakeFiles/depuqtk.dir/blas/stbsv.f.o
[ 14%] Building Fortran object dep/CMakeFiles/depuqtk.dir/blas/strmm.f.o
[ 15%] Building Fortran object dep/CMakeFiles/depuqtk.dir/blas/strsm.f.o
[ 15%] Building Fortran object dep/CMakeFiles/depuqtk.dir/blas/xerbla.f.o
[ 15%] Building Fortran object dep/CMakeFiles/depuqtk.dir/blas/zaxpy.f.o
[ 15%] Building Fortran object dep/CMakeFiles/depuqtk.dir/blas/zcopy.f.o
[ 15%] Building Fortran object dep/CMakeFiles/depuqtk.dir/blas/zdotc.f.o
[ 15%] Building Fortran object dep/CMakeFiles/depuqtk.dir/blas/zdotu.f.o
[ 16%] Building Fortran object dep/CMakeFiles/depuqtk.dir/blas/zdscal.f.o
[ 16%] Building Fortran object dep/CMakeFiles/depuqtk.dir/blas/zgbmv.f.o
[ 16%] Building Fortran object dep/CMakeFiles/depuqtk.dir/blas/zgemm.f.o
[ 16%] Building Fortran object dep/CMakeFiles/depuqtk.dir/blas/zgemv.f.o
[ 16%] Building Fortran object dep/CMakeFiles/depuqtk.dir/blas/zgerc.f.o
[ 16%] Building Fortran object dep/CMakeFiles/depuqtk.dir/blas/zgeru.f.o
[ 17%] Building Fortran object dep/CMakeFiles/depuqtk.dir/blas/zscal.f.o
[ 17%] Building Fortran object dep/CMakeFiles/depuqtk.dir/blas/zswap.f.o
[ 17%] Building Fortran object dep/CMakeFiles/depuqtk.dir/blas/ztbsv.f.o
[ 17%] Building Fortran object dep/CMakeFiles/depuqtk.dir/blas/ztrmm.f.o
[ 17%] Building Fortran object dep/CMakeFiles/depuqtk.dir/blas/ztrsm.f.o
[ 17%] Building Fortran object dep/CMakeFiles/depuqtk.dir/blas/ztrsv.f.o
[ 18%] Building Fortran object dep/CMakeFiles/depuqtk.dir/lapack/dbdsqr.f.o
[ 18%] Building Fortran object dep/CMakeFiles/depuqtk.dir/lapack/dgbtf2.f.o
[ 18%] Building Fortran object dep/CMakeFiles/depuqtk.dir/lapack/dgbtrf.f.o
[ 18%] Building Fortran object dep/CMakeFiles/depuqtk.dir/lapack/dgbtrs.f.o
[ 18%] Building Fortran object dep/CMakeFiles/depuqtk.dir/lapack/dgebak.f.o
[ 18%] Building Fortran object dep/CMakeFiles/depuqtk.dir/lapack/dgebal.f.o
[ 19%] Building Fortran object dep/CMakeFiles/depuqtk.dir/lapack/dgebd2.f.o
[ 19%] Building Fortran object dep/CMakeFiles/depuqtk.dir/lapack/dgebrd.f.o
[ 19%] Building Fortran object dep/CMakeFiles/depuqtk.dir/lapack/dgeev.f.o
[ 19%] Building Fortran object dep/CMakeFiles/depuqtk.dir/lapack/dgehrd.f.o
[ 19%] Building Fortran object dep/CMakeFiles/depuqtk.dir/lapack/dgelq2.f.o
[ 19%] Building Fortran object dep/CMakeFiles/depuqtk.dir/lapack/dgelqf.f.o
[ 19%] Building Fortran object dep/CMakeFiles/depuqtk.dir/lapack/dgels.f.o
[ 20%] Building Fortran object dep/CMakeFiles/depuqtk.dir/lapack/dgeqr2.f.o
[ 20%] Building Fortran object dep/CMakeFiles/depuqtk.dir/lapack/dgeqrf.f.o
[ 20%] Building Fortran object dep/CMakeFiles/depuqtk.dir/lapack/dgesv.f.o
[ 20%] Building Fortran object dep/CMakeFiles/depuqtk.dir/lapack/dgesvd.f.o
[ 20%] Building Fortran object dep/CMakeFiles/depuqtk.dir/lapack/dgetf2.f.o
[ 20%] Building Fortran object dep/CMakeFiles/depuqtk.dir/lapack/dgetrf.f.o
[ 21%] Building Fortran object dep/CMakeFiles/depuqtk.dir/lapack/dgetri.f.o
[ 21%] Building Fortran object dep/CMakeFiles/depuqtk.dir/lapack/dgetrs.f.o
[ 21%] Building Fortran object dep/CMakeFiles/depuqtk.dir/lapack/dgttrf.f.o
[ 21%] Building Fortran object dep/CMakeFiles/depuqtk.dir/lapack/dgttrs.f.o
[ 21%] Building Fortran object dep/CMakeFiles/depuqtk.dir/lapack/dhseqr.f.o
[ 21%] Building Fortran object dep/CMakeFiles/depuqtk.dir/lapack/disnan.f.o
[ 22%] Building Fortran object dep/CMakeFiles/depuqtk.dir/lapack/dlabad.f.o
[ 22%] Building Fortran object dep/CMakeFiles/depuqtk.dir/lapack/dlabrd.f.o
[ 22%] Building Fortran object dep/CMakeFiles/depuqtk.dir/lapack/dlacon.f.o
[ 22%] Building Fortran object dep/CMakeFiles/depuqtk.dir/lapack/dlacpy.f.o
[ 22%] Building Fortran object dep/CMakeFiles/depuqtk.dir/lapack/dladiv.f.o
[ 22%] Building Fortran object dep/CMakeFiles/depuqtk.dir/lapack/dlae2.f.o
[ 23%] Building Fortran object dep/CMakeFiles/depuqtk.dir/lapack/dlaebz.f.o
[ 23%] Building Fortran object dep/CMakeFiles/depuqtk.dir/lapack/dlaev2.f.o
[ 23%] Building Fortran object dep/CMakeFiles/depuqtk.dir/lapack/dlaexc.f.o
[ 23%] Building Fortran object dep/CMakeFiles/depuqtk.dir/lapack/dlagtf.f.o
[ 23%] Building Fortran object dep/CMakeFiles/depuqtk.dir/lapack/dlagtm.f.o
[ 23%] Building Fortran object dep/CMakeFiles/depuqtk.dir/lapack/dlagts.f.o
[ 24%] Building Fortran object dep/CMakeFiles/depuqtk.dir/lapack/dlahqr.f.o
[ 24%] Building Fortran object dep/CMakeFiles/depuqtk.dir/lapack/dlaic1.f.o
[ 24%] Building Fortran object dep/CMakeFiles/depuqtk.dir/lapack/dlaisnan.f.o
[ 24%] Building Fortran object dep/CMakeFiles/depuqtk.dir/lapack/dlaln2.f.o
[ 24%] Building Fortran object dep/CMakeFiles/depuqtk.dir/lapack/dlamch.f.o
[ 24%] Building Fortran object dep/CMakeFiles/depuqtk.dir/lapack/dlange.f.o
[ 25%] Building Fortran object dep/CMakeFiles/depuqtk.dir/lapack/dlanhs.f.o
[ 25%] Building Fortran object dep/CMakeFiles/depuqtk.dir/lapack/dlanst.f.o
[ 25%] Building Fortran object dep/CMakeFiles/depuqtk.dir/lapack/dlansy.f.o
[ 25%] Building Fortran object dep/CMakeFiles/depuqtk.dir/lapack/dlanv2.f.o
[ 25%] Building Fortran object dep/CMakeFiles/depuqtk.dir/lapack/dlaptm.f.o
[ 25%] Building Fortran object dep/CMakeFiles/depuqtk.dir/lapack/dlapy2.f.o
[ 25%] Building Fortran object dep/CMakeFiles/depuqtk.dir/lapack/dlapy3.f.o
[ 26%] Building Fortran object dep/CMakeFiles/depuqtk.dir/lapack/dlaran.f.o
[ 26%] Building Fortran object dep/CMakeFiles/depuqtk.dir/lapack/dlarf.f.o
[ 26%] Building Fortran object dep/CMakeFiles/depuqtk.dir/lapack/dlarfb.f.o
[ 26%] Building Fortran object dep/CMakeFiles/depuqtk.dir/lapack/dlarfg.f.o
[ 26%] Building Fortran object dep/CMakeFiles/depuqtk.dir/lapack/dlarft.f.o
[ 26%] Building Fortran object dep/CMakeFiles/depuqtk.dir/lapack/dlarfx.f.o
[ 27%] Building Fortran object dep/CMakeFiles/depuqtk.dir/lapack/dlarnd.f.o
[ 27%] Building Fortran object dep/CMakeFiles/depuqtk.dir/lapack/dlarnv.f.o
[ 27%] Building Fortran object dep/CMakeFiles/depuqtk.dir/lapack/dlartg.f.o
[ 27%] Building Fortran object dep/CMakeFiles/depuqtk.dir/lapack/dlaruv.f.o
[ 27%] Building Fortran object dep/CMakeFiles/depuqtk.dir/lapack/dlas2.f.o
[ 27%] Building Fortran object dep/CMakeFiles/depuqtk.dir/lapack/dlascl.f.o
[ 28%] Building Fortran object dep/CMakeFiles/depuqtk.dir/lapack/dlaset.f.o
[ 28%] Building Fortran object dep/CMakeFiles/depuqtk.dir/lapack/dlasq1.f.o
[ 28%] Building Fortran object dep/CMakeFiles/depuqtk.dir/lapack/dlasq2.f.o
[ 28%] Building Fortran object dep/CMakeFiles/depuqtk.dir/lapack/dlasq3.f.o
[ 28%] Building Fortran object dep/CMakeFiles/depuqtk.dir/lapack/dlasq4.f.o
[ 28%] Building Fortran object dep/CMakeFiles/depuqtk.dir/lapack/dlasq5.f.o
[ 29%] Building Fortran object dep/CMakeFiles/depuqtk.dir/lapack/dlasq6.f.o
[ 29%] Building Fortran object dep/CMakeFiles/depuqtk.dir/lapack/dlasr.f.o
[ 29%] Building Fortran object dep/CMakeFiles/depuqtk.dir/lapack/dlasrt.f.o
[ 29%] Building Fortran object dep/CMakeFiles/depuqtk.dir/lapack/dlassq.f.o
[ 29%] Building Fortran object dep/CMakeFiles/depuqtk.dir/lapack/dlasv2.f.o
[ 29%] Building Fortran object dep/CMakeFiles/depuqtk.dir/lapack/dlaswp.f.o
[ 30%] Building Fortran object dep/CMakeFiles/depuqtk.dir/lapack/dlasy2.f.o
[ 30%] Building Fortran object dep/CMakeFiles/depuqtk.dir/lapack/dlatrd.f.o
[ 30%] Building Fortran object dep/CMakeFiles/depuqtk.dir/lapack/dlauu2.f.o
[ 30%] Building Fortran object dep/CMakeFiles/depuqtk.dir/lapack/dlauum.f.o
[ 30%] Building Fortran object dep/CMakeFiles/depuqtk.dir/lapack/dorg2l.f.o
[ 30%] Building Fortran object dep/CMakeFiles/depuqtk.dir/lapack/dorg2r.f.o
[ 31%] Building Fortran object dep/CMakeFiles/depuqtk.dir/lapack/dorgbr.f.o
[ 31%] Building Fortran object dep/CMakeFiles/depuqtk.dir/lapack/dorghr.f.o
[ 31%] Building Fortran object dep/CMakeFiles/depuqtk.dir/lapack/dorgl2.f.o
[ 31%] Building Fortran object dep/CMakeFiles/depuqtk.dir/lapack/dorglq.f.o
[ 31%] Building Fortran object dep/CMakeFiles/depuqtk.dir/lapack/dorgql.f.o
[ 31%] Building Fortran object dep/CMakeFiles/depuqtk.dir/lapack/dorgqr.f.o
[ 31%] Building Fortran object dep/CMakeFiles/depuqtk.dir/lapack/dorgtr.f.o
[ 32%] Building Fortran object dep/CMakeFiles/depuqtk.dir/lapack/dorm2l.f.o
[ 32%] Building Fortran object dep/CMakeFiles/depuqtk.dir/lapack/dorm2r.f.o
[ 32%] Building Fortran object dep/CMakeFiles/depuqtk.dir/lapack/dormbr.f.o
[ 32%] Building Fortran object dep/CMakeFiles/depuqtk.dir/lapack/dorml2.f.o
[ 32%] Building Fortran object dep/CMakeFiles/depuqtk.dir/lapack/dormlq.f.o
[ 32%] Building Fortran object dep/CMakeFiles/depuqtk.dir/lapack/dormql.f.o
[ 33%] Building Fortran object dep/CMakeFiles/depuqtk.dir/lapack/dormqr.f.o
[ 33%] Building Fortran object dep/CMakeFiles/depuqtk.dir/lapack/dormtr.f.o
[ 33%] Building Fortran object dep/CMakeFiles/depuqtk.dir/lapack/dpotf2.f.o
[ 33%] Building Fortran object dep/CMakeFiles/depuqtk.dir/lapack/dpotrf.f.o
[ 33%] Building Fortran object dep/CMakeFiles/depuqtk.dir/lapack/dpotri.f.o
[ 33%] Building Fortran object dep/CMakeFiles/depuqtk.dir/lapack/dpttrf.f.o
[ 34%] Building Fortran object dep/CMakeFiles/depuqtk.dir/lapack/dpttrs.f.o
[ 34%] Building Fortran object dep/CMakeFiles/depuqtk.dir/lapack/dstebz.f.o
[ 34%] Building Fortran object dep/CMakeFiles/depuqtk.dir/lapack/dstein.f.o
[ 34%] Building Fortran object dep/CMakeFiles/depuqtk.dir/lapack/dsteqr.f.o
[ 34%] Building Fortran object dep/CMakeFiles/depuqtk.dir/lapack/dsterf.f.o
[ 34%] Building Fortran object dep/CMakeFiles/depuqtk.dir/lapack/dstev.f.o
[ 35%] Building Fortran object dep/CMakeFiles/depuqtk.dir/lapack/dsyevx.f.o
[ 35%] Building Fortran object dep/CMakeFiles/depuqtk.dir/lapack/dsytd2.f.o
[ 35%] Building Fortran object dep/CMakeFiles/depuqtk.dir/lapack/dsytrd.f.o
[ 35%] Building Fortran object dep/CMakeFiles/depuqtk.dir/lapack/dtrevc.f.o
[ 35%] Building Fortran object dep/CMakeFiles/depuqtk.dir/lapack/dtrexc.f.o
[ 35%] Building Fortran object dep/CMakeFiles/depuqtk.dir/lapack/dtrsen.f.o
[ 36%] Building Fortran object dep/CMakeFiles/depuqtk.dir/lapack/dtrsm.f.o
[ 36%] Building Fortran object dep/CMakeFiles/depuqtk.dir/lapack/dtrsyl.f.o
[ 36%] Building Fortran object dep/CMakeFiles/depuqtk.dir/lapack/dtrti2.f.o
[ 36%] Building Fortran object dep/CMakeFiles/depuqtk.dir/lapack/dtrtri.f.o
[ 36%] Building Fortran object dep/CMakeFiles/depuqtk.dir/lapack/dtrtrs.f.o
[ 36%] Building Fortran object dep/CMakeFiles/depuqtk.dir/lapack/dzsum1.f.o
[ 37%] Building Fortran object dep/CMakeFiles/depuqtk.dir/lapack/icmax1.f.o
[ 37%] Building Fortran object dep/CMakeFiles/depuqtk.dir/lapack/ieeeck.f.o
[ 37%] Building Fortran object dep/CMakeFiles/depuqtk.dir/lapack/iladlc.f.o
[ 37%] Building Fortran object dep/CMakeFiles/depuqtk.dir/lapack/iladlr.f.o
[ 37%] Building Fortran object dep/CMakeFiles/depuqtk.dir/lapack/ilaenv.f.o
[ 37%] Building Fortran object dep/CMakeFiles/depuqtk.dir/lapack/iparmq.f.o
[ 37%] Building Fortran object dep/CMakeFiles/depuqtk.dir/lapack/izmax1.f.o
[ 38%] Building Fortran object dep/CMakeFiles/depuqtk.dir/lapack/lev2pchol.f.o
[ 38%] Building Fortran object dep/CMakeFiles/depuqtk.dir/lapack/lsame.f.o
[ 38%] Building Fortran object dep/CMakeFiles/depuqtk.dir/lapack/lsamen.f.o
[ 38%] Building Fortran object dep/CMakeFiles/depuqtk.dir/lapack/xerbla.f.o
[ 38%] Building Fortran object dep/CMakeFiles/depuqtk.dir/lapack/xlaenv.f.o
[ 38%] Building Fortran object dep/CMakeFiles/depuqtk.dir/lapack/zgesv.f.o
[ 39%] Building Fortran object dep/CMakeFiles/depuqtk.dir/lapack/zgetf2.f.o
[ 39%] Building Fortran object dep/CMakeFiles/depuqtk.dir/lapack/zgetrf.f.o
[ 39%] Building Fortran object dep/CMakeFiles/depuqtk.dir/lapack/zgetri.f.o
[ 39%] Building Fortran object dep/CMakeFiles/depuqtk.dir/lapack/zgetrs.f.o
[ 39%] Building Fortran object dep/CMakeFiles/depuqtk.dir/lapack/zlaswp.f.o
[ 39%] Building Fortran object dep/CMakeFiles/depuqtk.dir/lapack/ztrti2.f.o
[ 40%] Building Fortran object dep/CMakeFiles/depuqtk.dir/lapack/ztrtri.f.o
[ 40%] Building C object dep/CMakeFiles/depuqtk.dir/dsfmt/dSFMT.c.o
[ 40%] Building C object dep/CMakeFiles/depuqtk.dir/dsfmt/dsfmt_add.c.o
[ 40%] Building C object dep/CMakeFiles/depuqtk.dir/dsfmt/dSFMT_h.c.o
[ 40%] Building C object dep/CMakeFiles/depuqtk.dir/lbfgs/lbfgsDR.c.o
[ 40%] Building Fortran object dep/CMakeFiles/depuqtk.dir/lbfgs/lbfgs_routines.f.o
Linking Fortran static library libdepuqtk.a
[ 40%] Built target depuqtk
Scanning dependencies of target depslatec
[ 40%] Building Fortran object dep/slatec/CMakeFiles/depslatec.dir/dasum.f.o
[ 40%] Building Fortran object dep/slatec/CMakeFiles/depslatec.dir/dgbfa.f.o
[ 40%] Building Fortran object dep/slatec/CMakeFiles/depslatec.dir/dgbsl.f.o
[ 40%] Building Fortran object dep/slatec/CMakeFiles/depslatec.dir/dgeco.f.o
[ 40%] Building Fortran object dep/slatec/CMakeFiles/depslatec.dir/dgefa.f.o
[ 41%] Building Fortran object dep/slatec/CMakeFiles/depslatec.dir/dgefs.f.o
[ 41%] Building Fortran object dep/slatec/CMakeFiles/depslatec.dir/dgesl.f.o
[ 41%] Building Fortran object dep/slatec/CMakeFiles/depslatec.dir/dgmres.f.o
[ 41%] Building Fortran object dep/slatec/CMakeFiles/depslatec.dir/dhels.f.o
[ 41%] Building Fortran object dep/slatec/CMakeFiles/depslatec.dir/dheqr.f.o
[ 41%] Building Fortran object dep/slatec/CMakeFiles/depslatec.dir/dorth.f.o
[ 42%] Building Fortran object dep/slatec/CMakeFiles/depslatec.dir/dpigmr.f.o
[ 42%] Building Fortran object dep/slatec/CMakeFiles/depslatec.dir/drlcal.f.o
[ 42%] Building Fortran object dep/slatec/CMakeFiles/depslatec.dir/dsort.f.o
[ 42%] Building Fortran object dep/slatec/CMakeFiles/depslatec.dir/dxlcal.f.o
[ 42%] Building Fortran object dep/slatec/CMakeFiles/depslatec.dir/fdump.f.o
[ 42%] Building Fortran object dep/slatec/CMakeFiles/depslatec.dir/i1mach.f.o
[ 43%] Building Fortran object dep/slatec/CMakeFiles/depslatec.dir/isdgmr.f.o
[ 43%] Building Fortran object dep/slatec/CMakeFiles/depslatec.dir/isort.f.o
[ 43%] Building Fortran object dep/slatec/CMakeFiles/depslatec.dir/j4save.f.o
[ 43%] Building Fortran object dep/slatec/CMakeFiles/depslatec.dir/xercnt.f.o
[ 43%] Building Fortran object dep/slatec/CMakeFiles/depslatec.dir/xerhlt.f.o
[ 43%] Building Fortran object dep/slatec/CMakeFiles/depslatec.dir/xermsg.f.o
[ 44%] Building Fortran object dep/slatec/CMakeFiles/depslatec.dir/xerprn.f.o
[ 44%] Building Fortran object dep/slatec/CMakeFiles/depslatec.dir/xersve.f.o
[ 44%] Building Fortran object dep/slatec/CMakeFiles/depslatec.dir/xgetua.f.o
Linking Fortran static library libdepslatec.a
[ 44%] Built target depslatec
Scanning dependencies of target depblas
[ 44%] Building Fortran object dep/blas/CMakeFiles/depblas.dir/caxpy.f.o
[ 44%] Building Fortran object dep/blas/CMakeFiles/depblas.dir/ccopy.f.o
[ 44%] Building Fortran object dep/blas/CMakeFiles/depblas.dir/cdotc.f.o
[ 44%] Building Fortran object dep/blas/CMakeFiles/depblas.dir/cdotu.f.o
[ 44%] Building Fortran object dep/blas/CMakeFiles/depblas.dir/cgbmv.f.o
[ 45%] Building Fortran object dep/blas/CMakeFiles/depblas.dir/cgemm.f.o
[ 45%] Building Fortran object dep/blas/CMakeFiles/depblas.dir/cgemv.f.o
[ 45%] Building Fortran object dep/blas/CMakeFiles/depblas.dir/cgerc.f.o
[ 45%] Building Fortran object dep/blas/CMakeFiles/depblas.dir/cgeru.f.o
[ 45%] Building Fortran object dep/blas/CMakeFiles/depblas.dir/cscal.f.o
[ 45%] Building Fortran object dep/blas/CMakeFiles/depblas.dir/csscal.f.o
[ 46%] Building Fortran object dep/blas/CMakeFiles/depblas.dir/cswap.f.o
[ 46%] Building Fortran object dep/blas/CMakeFiles/depblas.dir/ctbsv.f.o
[ 46%] Building Fortran object dep/blas/CMakeFiles/depblas.dir/ctrmm.f.o
[ 46%] Building Fortran object dep/blas/CMakeFiles/depblas.dir/ctrsm.f.o
[ 46%] Building Fortran object dep/blas/CMakeFiles/depblas.dir/ctrsv.f.o
[ 46%] Building Fortran object dep/blas/CMakeFiles/depblas.dir/d1mach.f.o
[ 47%] Building Fortran object dep/blas/CMakeFiles/depblas.dir/dasum.f.o
[ 47%] Building Fortran object dep/blas/CMakeFiles/depblas.dir/daxpy.f.o
[ 47%] Building Fortran object dep/blas/CMakeFiles/depblas.dir/dcopy.f.o
[ 47%] Building Fortran object dep/blas/CMakeFiles/depblas.dir/ddot.f.o
[ 47%] Building Fortran object dep/blas/CMakeFiles/depblas.dir/dgbmv.f.o
[ 47%] Building Fortran object dep/blas/CMakeFiles/depblas.dir/dgemm.f.o
[ 48%] Building Fortran object dep/blas/CMakeFiles/depblas.dir/dgemv.f.o
[ 48%] Building Fortran object dep/blas/CMakeFiles/depblas.dir/dger.f.o
[ 48%] Building Fortran object dep/blas/CMakeFiles/depblas.dir/dnrm2.f.o
[ 48%] Building Fortran object dep/blas/CMakeFiles/depblas.dir/drot.f.o
[ 48%] Building Fortran object dep/blas/CMakeFiles/depblas.dir/drotg.f.o
[ 48%] Building Fortran object dep/blas/CMakeFiles/depblas.dir/dscal.f.o
[ 48%] Building Fortran object dep/blas/CMakeFiles/depblas.dir/dswap.f.o
[ 49%] Building Fortran object dep/blas/CMakeFiles/depblas.dir/dsymv.f.o
[ 49%] Building Fortran object dep/blas/CMakeFiles/depblas.dir/dsyr2.f.o
[ 49%] Building Fortran object dep/blas/CMakeFiles/depblas.dir/dsyr2k.f.o
[ 49%] Building Fortran object dep/blas/CMakeFiles/depblas.dir/dsyrk.f.o
[ 49%] Building Fortran object dep/blas/CMakeFiles/depblas.dir/dtbsv.f.o
[ 49%] Building Fortran object dep/blas/CMakeFiles/depblas.dir/dtrmm.f.o
[ 50%] Building Fortran object dep/blas/CMakeFiles/depblas.dir/dtrmv.f.o
[ 50%] Building Fortran object dep/blas/CMakeFiles/depblas.dir/dtrsm.f.o
[ 50%] Building Fortran object dep/blas/CMakeFiles/depblas.dir/dzasum.f.o
[ 50%] Building Fortran object dep/blas/CMakeFiles/depblas.dir/dznrm2.f.o
[ 50%] Building Fortran object dep/blas/CMakeFiles/depblas.dir/icamax.f.o
[ 50%] Building Fortran object dep/blas/CMakeFiles/depblas.dir/idamax.f.o
[ 51%] Building Fortran object dep/blas/CMakeFiles/depblas.dir/isamax.f.o
[ 51%] Building Fortran object dep/blas/CMakeFiles/depblas.dir/izamax.f.o
[ 51%] Building Fortran object dep/blas/CMakeFiles/depblas.dir/lsame.f.o
[ 51%] Building Fortran object dep/blas/CMakeFiles/depblas.dir/sasum.f.o
[ 51%] Building Fortran object dep/blas/CMakeFiles/depblas.dir/saxpy.f.o
[ 51%] Building Fortran object dep/blas/CMakeFiles/depblas.dir/scasum.f.o
[ 52%] Building Fortran object dep/blas/CMakeFiles/depblas.dir/scnrm2.f.o
[ 52%] Building Fortran object dep/blas/CMakeFiles/depblas.dir/scopy.f.o
[ 52%] Building Fortran object dep/blas/CMakeFiles/depblas.dir/sdot.f.o
[ 52%] Building Fortran object dep/blas/CMakeFiles/depblas.dir/sgbmv.f.o
[ 52%] Building Fortran object dep/blas/CMakeFiles/depblas.dir/sgemm.f.o
[ 52%] Building Fortran object dep/blas/CMakeFiles/depblas.dir/sgemv.f.o
[ 53%] Building Fortran object dep/blas/CMakeFiles/depblas.dir/sger.f.o
[ 53%] Building Fortran object dep/blas/CMakeFiles/depblas.dir/snrm2.f.o
[ 53%] Building Fortran object dep/blas/CMakeFiles/depblas.dir/srot.f.o
[ 53%] Building Fortran object dep/blas/CMakeFiles/depblas.dir/srotg.f.o
[ 53%] Building Fortran object dep/blas/CMakeFiles/depblas.dir/sscal.f.o
[ 53%] Building Fortran object dep/blas/CMakeFiles/depblas.dir/sswap.f.o
[ 54%] Building Fortran object dep/blas/CMakeFiles/depblas.dir/ssymv.f.o
[ 54%] Building Fortran object dep/blas/CMakeFiles/depblas.dir/ssyr2.f.o
[ 54%] Building Fortran object dep/blas/CMakeFiles/depblas.dir/stbsv.f.o
[ 54%] Building Fortran object dep/blas/CMakeFiles/depblas.dir/strmm.f.o
[ 54%] Building Fortran object dep/blas/CMakeFiles/depblas.dir/strsm.f.o
[ 54%] Building Fortran object dep/blas/CMakeFiles/depblas.dir/xerbla.f.o
[ 54%] Building Fortran object dep/blas/CMakeFiles/depblas.dir/zaxpy.f.o
[ 55%] Building Fortran object dep/blas/CMakeFiles/depblas.dir/zcopy.f.o
[ 55%] Building Fortran object dep/blas/CMakeFiles/depblas.dir/zdotc.f.o
[ 55%] Building Fortran object dep/blas/CMakeFiles/depblas.dir/zdotu.f.o
[ 55%] Building Fortran object dep/blas/CMakeFiles/depblas.dir/zdscal.f.o
[ 55%] Building Fortran object dep/blas/CMakeFiles/depblas.dir/zgbmv.f.o
[ 55%] Building Fortran object dep/blas/CMakeFiles/depblas.dir/zgemm.f.o
[ 56%] Building Fortran object dep/blas/CMakeFiles/depblas.dir/zgemv.f.o
[ 56%] Building Fortran object dep/blas/CMakeFiles/depblas.dir/zgerc.f.o
[ 56%] Building Fortran object dep/blas/CMakeFiles/depblas.dir/zgeru.f.o
[ 56%] Building Fortran object dep/blas/CMakeFiles/depblas.dir/zscal.f.o
[ 56%] Building Fortran object dep/blas/CMakeFiles/depblas.dir/zswap.f.o
[ 56%] Building Fortran object dep/blas/CMakeFiles/depblas.dir/ztbsv.f.o
[ 57%] Building Fortran object dep/blas/CMakeFiles/depblas.dir/ztrmm.f.o
[ 57%] Building Fortran object dep/blas/CMakeFiles/depblas.dir/ztrsm.f.o
[ 57%] Building Fortran object dep/blas/CMakeFiles/depblas.dir/ztrsv.f.o
Linking Fortran static library libdepblas.a
[ 57%] Built target depblas
Scanning dependencies of target deplapack
[ 57%] Building Fortran object dep/lapack/CMakeFiles/deplapack.dir/dbdsqr.f.o
[ 57%] Building Fortran object dep/lapack/CMakeFiles/deplapack.dir/dgbtf2.f.o
[ 57%] Building Fortran object dep/lapack/CMakeFiles/deplapack.dir/dgbtrf.f.o
[ 57%] Building Fortran object dep/lapack/CMakeFiles/deplapack.dir/dgbtrs.f.o
[ 58%] Building Fortran object dep/lapack/CMakeFiles/deplapack.dir/dgebak.f.o
[ 58%] Building Fortran object dep/lapack/CMakeFiles/deplapack.dir/dgebal.f.o
[ 58%] Building Fortran object dep/lapack/CMakeFiles/deplapack.dir/dgebd2.f.o
[ 58%] Building Fortran object dep/lapack/CMakeFiles/deplapack.dir/dgebrd.f.o
[ 58%] Building Fortran object dep/lapack/CMakeFiles/deplapack.dir/dgeev.f.o
[ 58%] Building Fortran object dep/lapack/CMakeFiles/deplapack.dir/dgehrd.f.o
[ 59%] Building Fortran object dep/lapack/CMakeFiles/deplapack.dir/dgelq2.f.o
[ 59%] Building Fortran object dep/lapack/CMakeFiles/deplapack.dir/dgelqf.f.o
[ 59%] Building Fortran object dep/lapack/CMakeFiles/deplapack.dir/dgels.f.o
[ 59%] Building Fortran object dep/lapack/CMakeFiles/deplapack.dir/dgeqr2.f.o
[ 59%] Building Fortran object dep/lapack/CMakeFiles/deplapack.dir/dgeqrf.f.o
[ 59%] Building Fortran object dep/lapack/CMakeFiles/deplapack.dir/dgesv.f.o
[ 60%] Building Fortran object dep/lapack/CMakeFiles/deplapack.dir/dgesvd.f.o
[ 60%] Building Fortran object dep/lapack/CMakeFiles/deplapack.dir/dgetf2.f.o
[ 60%] Building Fortran object dep/lapack/CMakeFiles/deplapack.dir/dgetrf.f.o
[ 60%] Building Fortran object dep/lapack/CMakeFiles/deplapack.dir/dgetri.f.o
[ 60%] Building Fortran object dep/lapack/CMakeFiles/deplapack.dir/dgetrs.f.o
[ 60%] Building Fortran object dep/lapack/CMakeFiles/deplapack.dir/dgttrf.f.o
[ 61%] Building Fortran object dep/lapack/CMakeFiles/deplapack.dir/dgttrs.f.o
[ 61%] Building Fortran object dep/lapack/CMakeFiles/deplapack.dir/dhseqr.f.o
[ 61%] Building Fortran object dep/lapack/CMakeFiles/deplapack.dir/disnan.f.o
[ 61%] Building Fortran object dep/lapack/CMakeFiles/deplapack.dir/dlabad.f.o
[ 61%] Building Fortran object dep/lapack/CMakeFiles/deplapack.dir/dlabrd.f.o
[ 61%] Building Fortran object dep/lapack/CMakeFiles/deplapack.dir/dlacon.f.o
[ 62%] Building Fortran object dep/lapack/CMakeFiles/deplapack.dir/dlacpy.f.o
[ 62%] Building Fortran object dep/lapack/CMakeFiles/deplapack.dir/dladiv.f.o
[ 62%] Building Fortran object dep/lapack/CMakeFiles/deplapack.dir/dlae2.f.o
[ 62%] Building Fortran object dep/lapack/CMakeFiles/deplapack.dir/dlaebz.f.o
[ 62%] Building Fortran object dep/lapack/CMakeFiles/deplapack.dir/dlaev2.f.o
[ 62%] Building Fortran object dep/lapack/CMakeFiles/deplapack.dir/dlaexc.f.o
[ 62%] Building Fortran object dep/lapack/CMakeFiles/deplapack.dir/dlagtf.f.o
[ 63%] Building Fortran object dep/lapack/CMakeFiles/deplapack.dir/dlagtm.f.o
[ 63%] Building Fortran object dep/lapack/CMakeFiles/deplapack.dir/dlagts.f.o
[ 63%] Building Fortran object dep/lapack/CMakeFiles/deplapack.dir/dlahqr.f.o
[ 63%] Building Fortran object dep/lapack/CMakeFiles/deplapack.dir/dlaic1.f.o
[ 63%] Building Fortran object dep/lapack/CMakeFiles/deplapack.dir/dlaisnan.f.o
[ 63%] Building Fortran object dep/lapack/CMakeFiles/deplapack.dir/dlaln2.f.o
[ 64%] Building Fortran object dep/lapack/CMakeFiles/deplapack.dir/dlamch.f.o
[ 64%] Building Fortran object dep/lapack/CMakeFiles/deplapack.dir/dlange.f.o
[ 64%] Building Fortran object dep/lapack/CMakeFiles/deplapack.dir/dlanhs.f.o
[ 64%] Building Fortran object dep/lapack/CMakeFiles/deplapack.dir/dlanst.f.o
[ 64%] Building Fortran object dep/lapack/CMakeFiles/deplapack.dir/dlansy.f.o
[ 64%] Building Fortran object dep/lapack/CMakeFiles/deplapack.dir/dlanv2.f.o
[ 65%] Building Fortran object dep/lapack/CMakeFiles/deplapack.dir/dlaptm.f.o
[ 65%] Building Fortran object dep/lapack/CMakeFiles/deplapack.dir/dlapy2.f.o
[ 65%] Building Fortran object dep/lapack/CMakeFiles/deplapack.dir/dlapy3.f.o
[ 65%] Building Fortran object dep/lapack/CMakeFiles/deplapack.dir/dlaran.f.o
[ 65%] Building Fortran object dep/lapack/CMakeFiles/deplapack.dir/dlarf.f.o
[ 65%] Building Fortran object dep/lapack/CMakeFiles/deplapack.dir/dlarfb.f.o
[ 66%] Building Fortran object dep/lapack/CMakeFiles/deplapack.dir/dlarfg.f.o
[ 66%] Building Fortran object dep/lapack/CMakeFiles/deplapack.dir/dlarft.f.o
[ 66%] Building Fortran object dep/lapack/CMakeFiles/deplapack.dir/dlarfx.f.o
[ 66%] Building Fortran object dep/lapack/CMakeFiles/deplapack.dir/dlarnd.f.o
[ 66%] Building Fortran object dep/lapack/CMakeFiles/deplapack.dir/dlarnv.f.o
[ 66%] Building Fortran object dep/lapack/CMakeFiles/deplapack.dir/dlartg.f.o
[ 67%] Building Fortran object dep/lapack/CMakeFiles/deplapack.dir/dlaruv.f.o
[ 67%] Building Fortran object dep/lapack/CMakeFiles/deplapack.dir/dlas2.f.o
[ 67%] Building Fortran object dep/lapack/CMakeFiles/deplapack.dir/dlascl.f.o
[ 67%] Building Fortran object dep/lapack/CMakeFiles/deplapack.dir/dlaset.f.o
[ 67%] Building Fortran object dep/lapack/CMakeFiles/deplapack.dir/dlasq1.f.o
[ 67%] Building Fortran object dep/lapack/CMakeFiles/deplapack.dir/dlasq2.f.o
[ 68%] Building Fortran object dep/lapack/CMakeFiles/deplapack.dir/dlasq3.f.o
[ 68%] Building Fortran object dep/lapack/CMakeFiles/deplapack.dir/dlasq4.f.o
[ 68%] Building Fortran object dep/lapack/CMakeFiles/deplapack.dir/dlasq5.f.o
[ 68%] Building Fortran object dep/lapack/CMakeFiles/deplapack.dir/dlasq6.f.o
[ 68%] Building Fortran object dep/lapack/CMakeFiles/deplapack.dir/dlasr.f.o
[ 68%] Building Fortran object dep/lapack/CMakeFiles/deplapack.dir/dlasrt.f.o
[ 68%] Building Fortran object dep/lapack/CMakeFiles/deplapack.dir/dlassq.f.o
[ 69%] Building Fortran object dep/lapack/CMakeFiles/deplapack.dir/dlasv2.f.o
[ 69%] Building Fortran object dep/lapack/CMakeFiles/deplapack.dir/dlaswp.f.o
[ 69%] Building Fortran object dep/lapack/CMakeFiles/deplapack.dir/dlasy2.f.o
[ 69%] Building Fortran object dep/lapack/CMakeFiles/deplapack.dir/dlatrd.f.o
[ 69%] Building Fortran object dep/lapack/CMakeFiles/deplapack.dir/dlauu2.f.o
[ 69%] Building Fortran object dep/lapack/CMakeFiles/deplapack.dir/dlauum.f.o
[ 70%] Building Fortran object dep/lapack/CMakeFiles/deplapack.dir/dorg2l.f.o
[ 70%] Building Fortran object dep/lapack/CMakeFiles/deplapack.dir/dorg2r.f.o
[ 70%] Building Fortran object dep/lapack/CMakeFiles/deplapack.dir/dorgbr.f.o
[ 70%] Building Fortran object dep/lapack/CMakeFiles/deplapack.dir/dorghr.f.o
[ 70%] Building Fortran object dep/lapack/CMakeFiles/deplapack.dir/dorgl2.f.o
[ 70%] Building Fortran object dep/lapack/CMakeFiles/deplapack.dir/dorglq.f.o
[ 71%] Building Fortran object dep/lapack/CMakeFiles/deplapack.dir/dorgql.f.o
[ 71%] Building Fortran object dep/lapack/CMakeFiles/deplapack.dir/dorgqr.f.o
[ 71%] Building Fortran object dep/lapack/CMakeFiles/deplapack.dir/dorgtr.f.o
[ 71%] Building Fortran object dep/lapack/CMakeFiles/deplapack.dir/dorm2l.f.o
[ 71%] Building Fortran object dep/lapack/CMakeFiles/deplapack.dir/dorm2r.f.o
[ 71%] Building Fortran object dep/lapack/CMakeFiles/deplapack.dir/dormbr.f.o
[ 72%] Building Fortran object dep/lapack/CMakeFiles/deplapack.dir/dorml2.f.o
[ 72%] Building Fortran object dep/lapack/CMakeFiles/deplapack.dir/dormlq.f.o
[ 72%] Building Fortran object dep/lapack/CMakeFiles/deplapack.dir/dormql.f.o
[ 72%] Building Fortran object dep/lapack/CMakeFiles/deplapack.dir/dormqr.f.o
[ 72%] Building Fortran object dep/lapack/CMakeFiles/deplapack.dir/dormtr.f.o
[ 72%] Building Fortran object dep/lapack/CMakeFiles/deplapack.dir/dpotf2.f.o
[ 73%] Building Fortran object dep/lapack/CMakeFiles/deplapack.dir/dpotrf.f.o
[ 73%] Building Fortran object dep/lapack/CMakeFiles/deplapack.dir/dpotri.f.o
[ 73%] Building Fortran object dep/lapack/CMakeFiles/deplapack.dir/dpttrf.f.o
[ 73%] Building Fortran object dep/lapack/CMakeFiles/deplapack.dir/dpttrs.f.o
[ 73%] Building Fortran object dep/lapack/CMakeFiles/deplapack.dir/dstebz.f.o
[ 73%] Building Fortran object dep/lapack/CMakeFiles/deplapack.dir/dstein.f.o
[ 74%] Building Fortran object dep/lapack/CMakeFiles/deplapack.dir/dsteqr.f.o
[ 74%] Building Fortran object dep/lapack/CMakeFiles/deplapack.dir/dsterf.f.o
[ 74%] Building Fortran object dep/lapack/CMakeFiles/deplapack.dir/dstev.f.o
[ 74%] Building Fortran object dep/lapack/CMakeFiles/deplapack.dir/dsyevx.f.o
[ 74%] Building Fortran object dep/lapack/CMakeFiles/deplapack.dir/dsytd2.f.o
[ 74%] Building Fortran object dep/lapack/CMakeFiles/deplapack.dir/dsytrd.f.o
[ 74%] Building Fortran object dep/lapack/CMakeFiles/deplapack.dir/dtrevc.f.o
[ 75%] Building Fortran object dep/lapack/CMakeFiles/deplapack.dir/dtrexc.f.o
[ 75%] Building Fortran object dep/lapack/CMakeFiles/deplapack.dir/dtrsen.f.o
[ 75%] Building Fortran object dep/lapack/CMakeFiles/deplapack.dir/dtrsm.f.o
[ 75%] Building Fortran object dep/lapack/CMakeFiles/deplapack.dir/dtrsyl.f.o
[ 75%] Building Fortran object dep/lapack/CMakeFiles/deplapack.dir/dtrti2.f.o
[ 75%] Building Fortran object dep/lapack/CMakeFiles/deplapack.dir/dtrtri.f.o
[ 76%] Building Fortran object dep/lapack/CMakeFiles/deplapack.dir/dtrtrs.f.o
[ 76%] Building Fortran object dep/lapack/CMakeFiles/deplapack.dir/dzsum1.f.o
[ 76%] Building Fortran object dep/lapack/CMakeFiles/deplapack.dir/icmax1.f.o
[ 76%] Building Fortran object dep/lapack/CMakeFiles/deplapack.dir/ieeeck.f.o
[ 76%] Building Fortran object dep/lapack/CMakeFiles/deplapack.dir/iladlc.f.o
[ 76%] Building Fortran object dep/lapack/CMakeFiles/deplapack.dir/iladlr.f.o
[ 77%] Building Fortran object dep/lapack/CMakeFiles/deplapack.dir/ilaenv.f.o
[ 77%] Building Fortran object dep/lapack/CMakeFiles/deplapack.dir/iparmq.f.o
[ 77%] Building Fortran object dep/lapack/CMakeFiles/deplapack.dir/izmax1.f.o
[ 77%] Building Fortran object dep/lapack/CMakeFiles/deplapack.dir/lev2pchol.f.o
[ 77%] Building Fortran object dep/lapack/CMakeFiles/deplapack.dir/lsame.f.o
[ 77%] Building Fortran object dep/lapack/CMakeFiles/deplapack.dir/lsamen.f.o
[ 78%] Building Fortran object dep/lapack/CMakeFiles/deplapack.dir/xerbla.f.o
[ 78%] Building Fortran object dep/lapack/CMakeFiles/deplapack.dir/xlaenv.f.o
[ 78%] Building Fortran object dep/lapack/CMakeFiles/deplapack.dir/zgesv.f.o
[ 78%] Building Fortran object dep/lapack/CMakeFiles/deplapack.dir/zgetf2.f.o
[ 78%] Building Fortran object dep/lapack/CMakeFiles/deplapack.dir/zgetrf.f.o
[ 78%] Building Fortran object dep/lapack/CMakeFiles/deplapack.dir/zgetri.f.o
[ 79%] Building Fortran object dep/lapack/CMakeFiles/deplapack.dir/zgetrs.f.o
[ 79%] Building Fortran object dep/lapack/CMakeFiles/deplapack.dir/zlaswp.f.o
[ 79%] Building Fortran object dep/lapack/CMakeFiles/deplapack.dir/ztrti2.f.o
[ 79%] Building Fortran object dep/lapack/CMakeFiles/deplapack.dir/ztrtri.f.o
Linking Fortran static library libdeplapack.a
[ 79%] Built target deplapack
Scanning dependencies of target depdsfmt
[ 79%] Building C object dep/dsfmt/CMakeFiles/depdsfmt.dir/dSFMT.c.o
[ 80%] Building C object dep/dsfmt/CMakeFiles/depdsfmt.dir/dSFMT_h.c.o
[ 80%] Building C object dep/dsfmt/CMakeFiles/depdsfmt.dir/dsfmt_add.c.o
Linking C static library libdepdsfmt.a
[ 80%] Built target depdsfmt
Scanning dependencies of target deplbfgs
[ 80%] Building C object dep/lbfgs/CMakeFiles/deplbfgs.dir/lbfgsDR.c.o
[ 80%] Building Fortran object dep/lbfgs/CMakeFiles/deplbfgs.dir/lbfgs_routines.f.o
Linking Fortran static library libdeplbfgs.a
[ 80%] Built target deplbfgs
Scanning dependencies of target depnvec
[ 81%] Building C object dep/cvode-2.7.0/nvec_ser/CMakeFiles/depnvec.dir/nvector_serial.o
[ 81%] Building C object dep/cvode-2.7.0/nvec_ser/CMakeFiles/depnvec.dir/__/sundials/sundials_math.o
Linking C static library libdepnvec.a
[ 81%] Built target depnvec
Scanning dependencies of target depcvode
[ 81%] Building C object dep/cvode-2.7.0/cvode/CMakeFiles/depcvode.dir/cvode.o
[ 81%] Building C object dep/cvode-2.7.0/cvode/CMakeFiles/depcvode.dir/cvode_io.o
[ 81%] Building C object dep/cvode-2.7.0/cvode/CMakeFiles/depcvode.dir/cvode_direct.o
[ 82%] Building C object dep/cvode-2.7.0/cvode/CMakeFiles/depcvode.dir/cvode_band.o
[ 82%] Building C object dep/cvode-2.7.0/cvode/CMakeFiles/depcvode.dir/cvode_dense.o
[ 82%] Building C object dep/cvode-2.7.0/cvode/CMakeFiles/depcvode.dir/cvode_diag.o
[ 82%] Building C object dep/cvode-2.7.0/cvode/CMakeFiles/depcvode.dir/cvode_spils.o
[ 82%] Building C object dep/cvode-2.7.0/cvode/CMakeFiles/depcvode.dir/cvode_spbcgs.o
[ 82%] Building C object dep/cvode-2.7.0/cvode/CMakeFiles/depcvode.dir/cvode_spgmr.o
[ 83%] Building C object dep/cvode-2.7.0/cvode/CMakeFiles/depcvode.dir/cvode_sptfqmr.o
[ 83%] Building C object dep/cvode-2.7.0/cvode/CMakeFiles/depcvode.dir/cvode_bandpre.o
[ 83%] Building C object dep/cvode-2.7.0/cvode/CMakeFiles/depcvode.dir/cvode_bbdpre.o
[ 83%] Building C object dep/cvode-2.7.0/cvode/CMakeFiles/depcvode.dir/__/sundials/sundials_nvector.o
[ 83%] Building C object dep/cvode-2.7.0/cvode/CMakeFiles/depcvode.dir/__/sundials/sundials_math.o
[ 83%] Building C object dep/cvode-2.7.0/cvode/CMakeFiles/depcvode.dir/__/sundials/sundials_direct.o
[ 84%] Building C object dep/cvode-2.7.0/cvode/CMakeFiles/depcvode.dir/__/sundials/sundials_band.o
[ 84%] Building C object dep/cvode-2.7.0/cvode/CMakeFiles/depcvode.dir/__/sundials/sundials_dense.o
[ 84%] Building C object dep/cvode-2.7.0/cvode/CMakeFiles/depcvode.dir/__/sundials/sundials_iterative.o
[ 84%] Building C object dep/cvode-2.7.0/cvode/CMakeFiles/depcvode.dir/__/sundials/sundials_spbcgs.o
[ 84%] Building C object dep/cvode-2.7.0/cvode/CMakeFiles/depcvode.dir/__/sundials/sundials_spgmr.o
[ 84%] Building C object dep/cvode-2.7.0/cvode/CMakeFiles/depcvode.dir/__/sundials/sundials_sptfqmr.o
Linking C static library libdepcvode.a
[ 84%] Built target depcvode
Scanning dependencies of target uqtk
[ 84%] Building CXX object cpp/lib/CMakeFiles/uqtk.dir/array/arrayio.cpp.o
[ 84%] Building CXX object cpp/lib/CMakeFiles/uqtk.dir/array/arraytools.cpp.o
[ 85%] Building CXX object cpp/lib/CMakeFiles/uqtk.dir/tools/combin.cpp.o
[ 85%] Building CXX object cpp/lib/CMakeFiles/uqtk.dir/tools/gq.cpp.o
[ 85%] Building CXX object cpp/lib/CMakeFiles/uqtk.dir/tools/minmax.cpp.o
[ 85%] Building CXX object cpp/lib/CMakeFiles/uqtk.dir/tools/multiindex.cpp.o
[ 85%] Building CXX object cpp/lib/CMakeFiles/uqtk.dir/tools/pcmaps.cpp.o
[ 85%] Building CXX object cpp/lib/CMakeFiles/uqtk.dir/tools/probability.cpp.o
[ 85%] Building CXX object cpp/lib/CMakeFiles/uqtk.dir/tools/rosenblatt.cpp.o
[ 86%] Building CXX object cpp/lib/CMakeFiles/uqtk.dir/quad/quad.cpp.o
[ 86%] Building CXX object cpp/lib/CMakeFiles/uqtk.dir/pce/PCBasis.cpp.o
[ 86%] Building CXX object cpp/lib/CMakeFiles/uqtk.dir/pce/PCSet.cpp.o
[ 86%] Building CXX object cpp/lib/CMakeFiles/uqtk.dir/kle/kle.cpp.o
[ 86%] Building CXX object cpp/lib/CMakeFiles/uqtk.dir/bcs/fast_laplace.cpp.o
[ 86%] Building CXX object cpp/lib/CMakeFiles/uqtk.dir/mcmc/mcmc.cpp.o
[ 87%] Building CXX object cpp/lib/CMakeFiles/uqtk.dir/xmlutils/XMLAttributeList.cpp.o
[ 87%] Building CXX object cpp/lib/CMakeFiles/uqtk.dir/xmlutils/XMLElement.cpp.o
[ 87%] Building CXX object cpp/lib/CMakeFiles/uqtk.dir/xmlutils/XMLExpatParser.cpp.o
[ 87%] Building CXX object cpp/lib/CMakeFiles/uqtk.dir/xmlutils/XMLParser.cpp.o
[ 87%] Building CXX object cpp/lib/CMakeFiles/uqtk.dir/xmlutils/XMLUtils.cpp.o
Linking CXX static library libuqtk.a
[ 87%] Built target uqtk
Scanning dependencies of target uqtkarray
[ 87%] Building CXX object cpp/lib/array/CMakeFiles/uqtkarray.dir/arrayio.cpp.o
[ 88%] Building CXX object cpp/lib/array/CMakeFiles/uqtkarray.dir/arraytools.cpp.o
Linking CXX static library libuqtkarray.a
[ 88%] Built target uqtkarray
Scanning dependencies of target uqtktools
[ 88%] Building CXX object cpp/lib/tools/CMakeFiles/uqtktools.dir/combin.cpp.o
[ 88%] Building CXX object cpp/lib/tools/CMakeFiles/uqtktools.dir/gq.cpp.o
[ 88%] Building CXX object cpp/lib/tools/CMakeFiles/uqtktools.dir/minmax.cpp.o
[ 88%] Building CXX object cpp/lib/tools/CMakeFiles/uqtktools.dir/multiindex.cpp.o
[ 88%] Building CXX object cpp/lib/tools/CMakeFiles/uqtktools.dir/pcmaps.cpp.o
[ 89%] Building CXX object cpp/lib/tools/CMakeFiles/uqtktools.dir/probability.cpp.o
[ 89%] Building CXX object cpp/lib/tools/CMakeFiles/uqtktools.dir/rosenblatt.cpp.o
Linking CXX static library libuqtktools.a
[ 89%] Built target uqtktools
Scanning dependencies of target uqtkquad
[ 90%] Building CXX object cpp/lib/quad/CMakeFiles/uqtkquad.dir/quad.cpp.o
Linking CXX static library libuqtkquad.a
[ 90%] Built target uqtkquad
Scanning dependencies of target uqtkpce
[ 90%] Building CXX object cpp/lib/pce/CMakeFiles/uqtkpce.dir/PCBasis.cpp.o
[ 90%] Building CXX object cpp/lib/pce/CMakeFiles/uqtkpce.dir/PCSet.cpp.o
Linking CXX static library libuqtkpce.a
[ 90%] Built target uqtkpce
Scanning dependencies of target uqtkkle
[ 90%] Building CXX object cpp/lib/kle/CMakeFiles/uqtkkle.dir/kle.cpp.o
Linking CXX static library libuqtkkle.a
[ 90%] Built target uqtkkle
Scanning dependencies of target uqtkbcs
[ 90%] Building CXX object cpp/lib/bcs/CMakeFiles/uqtkbcs.dir/fast_laplace.cpp.o
Linking CXX static library libuqtkbcs.a
[ 90%] Built target uqtkbcs
Scanning dependencies of target uqtkmcmc
[ 90%] Building CXX object cpp/lib/mcmc/CMakeFiles/uqtkmcmc.dir/mcmc.cpp.o
Linking CXX static library libuqtkmcmc.a
[ 90%] Built target uqtkmcmc
Scanning dependencies of target uqtkxmlutils
[ 90%] Building CXX object cpp/lib/xmlutils/CMakeFiles/uqtkxmlutils.dir/XMLAttributeList.cpp.o
[ 90%] Building CXX object cpp/lib/xmlutils/CMakeFiles/uqtkxmlutils.dir/XMLElement.cpp.o
[ 90%] Building CXX object cpp/lib/xmlutils/CMakeFiles/uqtkxmlutils.dir/XMLExpatParser.cpp.o
[ 90%] Building CXX object cpp/lib/xmlutils/CMakeFiles/uqtkxmlutils.dir/XMLParser.cpp.o
[ 91%] Building CXX object cpp/lib/xmlutils/CMakeFiles/uqtkxmlutils.dir/XMLUtils.cpp.o
Linking CXX static library libuqtkxmlutils.a
[ 91%] Built target uqtkxmlutils
Scanning dependencies of target gen_mi
[ 92%] Building CXX object cpp/app/gen_mi/CMakeFiles/gen_mi.dir/gen_mi.cpp.o
Linking CXX executable gen_mi
[ 92%] Built target gen_mi
Scanning dependencies of target generate_quad
[ 92%] Building CXX object cpp/app/generate_quad/CMakeFiles/generate_quad.dir/generate_quad.cpp.o
Linking CXX executable generate_quad
[ 92%] Built target generate_quad
Scanning dependencies of target model_inf
[ 92%] Building CXX object cpp/app/model_inf/CMakeFiles/model_inf.dir/model_inf.cpp.o
Linking CXX executable model_inf
[ 92%] Built target model_inf
Scanning dependencies of target pce_eval
[ 92%] Building CXX object cpp/app/pce_eval/CMakeFiles/pce_eval.dir/pce_eval.cpp.o
Linking CXX executable pce_eval
[ 92%] Built target pce_eval
Scanning dependencies of target pce_quad
[ 93%] Building CXX object cpp/app/pce_quad/CMakeFiles/pce_quad.dir/pce_quad.cpp.o
Linking CXX executable pce_quad
[ 93%] Built target pce_quad
Scanning dependencies of target pce_resp
[ 93%] Building CXX object cpp/app/pce_resp/CMakeFiles/pce_resp.dir/pce_resp.cpp.o
Linking CXX executable pce_resp
[ 93%] Built target pce_resp
Scanning dependencies of target pce_rv
[ 93%] Building CXX object cpp/app/pce_rv/CMakeFiles/pce_rv.dir/pce_rv.cpp.o
Linking CXX executable pce_rv
[ 93%] Built target pce_rv
Scanning dependencies of target pce_sens
[ 93%] Building CXX object cpp/app/pce_sens/CMakeFiles/pce_sens.dir/pce_sens.cpp.o
Linking CXX executable pce_sens
[ 93%] Built target pce_sens
Scanning dependencies of target ArrayReadAndWrite
[ 93%] Building CXX object cpp/tests/ArrayReadAndWrite/CMakeFiles/ArrayReadAndWrite.dir/main.cpp.o
Linking CXX executable ArrayReadAndWrite
[ 93%] Built target ArrayReadAndWrite
Scanning dependencies of target ArrayDelColumn
[ 93%] Building CXX object cpp/tests/ArrayDelColumn/CMakeFiles/ArrayDelColumn.dir/main.cpp.o
Linking CXX executable ArrayDelColumn
[ 93%] Built target ArrayDelColumn
Scanning dependencies of target QuadLUTest
[ 94%] Building CXX object cpp/tests/QuadLUTest/CMakeFiles/QuadLUTest.dir/main.cpp.o
Linking CXX executable QuadLUTest
[ 94%] Built target QuadLUTest
Scanning dependencies of target LogComp.x
[ 94%] Building CXX object examples/ops/CMakeFiles/LogComp.x.dir/LogComp.cpp.o
[ 94%] Building CXX object examples/ops/CMakeFiles/LogComp.x.dir/Utils.cpp.o
Linking CXX executable LogComp.x
[ 94%] Built target LogComp.x
Scanning dependencies of target Ops.x
[ 94%] Building CXX object examples/ops/CMakeFiles/Ops.x.dir/Ops.cpp.o
[ 94%] Building CXX object examples/ops/CMakeFiles/Ops.x.dir/Utils.cpp.o
Linking CXX executable Ops.x
[ 94%] Built target Ops.x
Scanning dependencies of target line_infer.x
[ 94%] Building CXX object examples/line_infer/CMakeFiles/line_infer.x.dir/line_infer.cpp.o
Linking CXX executable line_infer.x
[ 94%] Built target line_infer.x
Scanning dependencies of target pce_bcs.x
[ 94%] Building CXX object examples/pce_bcs/CMakeFiles/pce_bcs.x.dir/pce_bcs.cpp.o
Linking CXX executable pce_bcs.x
[ 94%] Built target pce_bcs.x
Scanning dependencies of target SurfRxnDet.x
[ 94%] Building CXX object examples/surf_rxn/CMakeFiles/SurfRxnDet.x.dir/SurfRxnDet.cpp.o
[ 94%] Building CXX object examples/surf_rxn/CMakeFiles/SurfRxnDet.x.dir/Utils.cpp.o
Linking CXX executable SurfRxnDet.x
[ 94%] Built target SurfRxnDet.x
Scanning dependencies of target SurfRxnISP.x
[ 94%] Building CXX object examples/surf_rxn/CMakeFiles/SurfRxnISP.x.dir/SurfRxnISP.cpp.o
[ 94%] Building CXX object examples/surf_rxn/CMakeFiles/SurfRxnISP.x.dir/Utils.cpp.o
Linking CXX executable SurfRxnISP.x
[ 94%] Built target SurfRxnISP.x
Scanning dependencies of target SurfRxnNISP.x
[ 94%] Building CXX object examples/surf_rxn/CMakeFiles/SurfRxnNISP.x.dir/SurfRxnNISP.cpp.o
[ 95%] Building CXX object examples/surf_rxn/CMakeFiles/SurfRxnNISP.x.dir/Utils.cpp.o
Linking CXX executable SurfRxnNISP.x
[ 95%] Built target SurfRxnNISP.x
Scanning dependencies of target SurfRxnNISP_MC.x
[ 95%] Building CXX object examples/surf_rxn/CMakeFiles/SurfRxnNISP_MC.x.dir/SurfRxnNISP_MC.cpp.o
[ 95%] Building CXX object examples/surf_rxn/CMakeFiles/SurfRxnNISP_MC.x.dir/Utils.cpp.o
Linking CXX executable SurfRxnNISP_MC.x
[ 95%] Built target SurfRxnNISP_MC.x
[ 95%] Swig source
somedir/UQTk/PyUQTk/array/../../cpp/lib/array/Array1D.h:83: Warning 362: operator= ignored
somedir/UQTk/PyUQTk/array/../../cpp/lib/array/Array1D.h:195: Warning 389: operator[] ignored (consider using %extend)
somedir/UQTk/PyUQTk/array/../../cpp/lib/array/Array1D.h:280: Warning 362: operator= ignored
somedir/UQTk/PyUQTk/array/../../cpp/lib/array/Array1D.h:392: Warning 389: operator[] ignored (consider using %extend)
somedir/UQTk/PyUQTk/array/../../cpp/lib/array/Array1D.h:490: Warning 362: operator= ignored
somedir/UQTk/PyUQTk/array/../../cpp/lib/array/Array1D.h:602: Warning 389: operator[] ignored (consider using %extend)
somedir/UQTk/PyUQTk/array/../../cpp/lib/array/Array2D.h:287: Warning 389: operator[] ignored (consider using %extend)
somedir/UQTk/PyUQTk/array/../../cpp/lib/array/arraytools.h:234: Warning 314: 'del' is a python keyword, renaming to '_del'
Scanning dependencies of target _array
[ 95%] Building CXX object PyUQTk/array/CMakeFiles/_array.dir/arrayPYTHON_wrap.cxx.o
[ 95%] Building CXX object PyUQTk/array/CMakeFiles/_array.dir/__/__/cpp/lib/array/arrayio.cpp.o
[ 96%] Building CXX object PyUQTk/array/CMakeFiles/_array.dir/__/__/cpp/lib/array/arraytools.cpp.o
Linking CXX shared module _array.so
[ 96%] Built target _array
[ 96%] Swig source
somedir/UQTk/PyUQTk/quad/../../cpp/lib/quad/quad.h:141: Warning 325: Nested struct not currently supported (QuadRule ignored)
Scanning dependencies of target _quad
[ 96%] Building CXX object PyUQTk/quad/CMakeFiles/_quad.dir/quadPYTHON_wrap.cxx.o
[ 96%] Building CXX object PyUQTk/quad/CMakeFiles/_quad.dir/__/__/cpp/lib/quad/quad.cpp.o
Linking CXX shared module _quad.so
[ 96%] Built target _quad
[ 96%] Swig source
Scanning dependencies of target _tools
[ 96%] Building CXX object PyUQTk/tools/CMakeFiles/_tools.dir/toolsPYTHON_wrap.cxx.o
[ 97%] Building CXX object PyUQTk/tools/CMakeFiles/_tools.dir/__/__/cpp/lib/tools/combin.cpp.o
[ 97%] Building CXX object PyUQTk/tools/CMakeFiles/_tools.dir/__/__/cpp/lib/tools/gq.cpp.o
[ 97%] Building CXX object PyUQTk/tools/CMakeFiles/_tools.dir/__/__/cpp/lib/tools/minmax.cpp.o
[ 97%] Building CXX object PyUQTk/tools/CMakeFiles/_tools.dir/__/__/cpp/lib/tools/multiindex.cpp.o
[ 97%] Building CXX object PyUQTk/tools/CMakeFiles/_tools.dir/__/__/cpp/lib/tools/pcmaps.cpp.o
[ 97%] Building CXX object PyUQTk/tools/CMakeFiles/_tools.dir/__/__/cpp/lib/tools/probability.cpp.o
[ 98%] Building CXX object PyUQTk/tools/CMakeFiles/_tools.dir/__/__/cpp/lib/tools/rosenblatt.cpp.o
Linking CXX shared module _tools.so
[ 98%] Built target _tools
[ 98%] Swig source
Scanning dependencies of target _kle
[ 98%] Building CXX object PyUQTk/kle/CMakeFiles/_kle.dir/klePYTHON_wrap.cxx.o
[ 99%] Building CXX object PyUQTk/kle/CMakeFiles/_kle.dir/__/__/cpp/lib/kle/kle.cpp.o
Linking CXX shared module _kle.so
[ 99%] Built target _kle
[ 99%] Swig source
Scanning dependencies of target _pce
[ 99%] Building CXX object PyUQTk/pce/CMakeFiles/_pce.dir/pcePYTHON_wrap.cxx.o
[100%] Building CXX object PyUQTk/pce/CMakeFiles/_pce.dir/__/__/cpp/lib/pce/PCBasis.cpp.o
[100%] Building CXX object PyUQTk/pce/CMakeFiles/_pce.dir/__/__/cpp/lib/pce/PCSet.cpp.o
Linking CXX shared module _pce.so
[100%] Built target _pce
[100%] Swig source
Scanning dependencies of target _bcs
[100%] Building CXX object PyUQTk/bcs/CMakeFiles/_bcs.dir/bcsPYTHON_wrap.cxx.o
[100%] Building CXX object PyUQTk/bcs/CMakeFiles/_bcs.dir/__/__/cpp/lib/bcs/fast_laplace.cpp.o
Linking CXX shared module _bcs.so
[100%] Built target _bcs
[100%] Swig source
somedir/UQTk/PyUQTk/mcmc/../../cpp/lib/array/Array1D.h:83: Warning 362: operator= ignored
somedir/UQTk/PyUQTk/mcmc/../../cpp/lib/array/Array1D.h:195: Warning 389: operator[] ignored (consider using %extend)
somedir/UQTk/PyUQTk/mcmc/../../cpp/lib/array/Array1D.h:280: Warning 362: operator= ignored
somedir/UQTk/PyUQTk/mcmc/../../cpp/lib/array/Array1D.h:392: Warning 389: operator[] ignored (consider using %extend)
somedir/UQTk/PyUQTk/mcmc/../../cpp/lib/array/Array1D.h:490: Warning 362: operator= ignored
somedir/UQTk/PyUQTk/mcmc/../../cpp/lib/array/Array1D.h:602: Warning 389: operator[] ignored (consider using %extend)
somedir/UQTk/PyUQTk/mcmc/../../cpp/lib/array/Array2D.h:287: Warning 389: operator[] ignored (consider using %extend)
somedir/UQTk/PyUQTk/mcmc/../../cpp/lib/mcmc/mcmc.h:120: Warning 325: Nested struct not currently supported (chainstate ignored)
somedir/UQTk/PyUQTk/mcmc/../../cpp/lib/mcmc/mcmc.h:34: Warning 514: Director base class LikelihoodBase has no virtual destructor.
Scanning dependencies of target _mcmc
[100%] Building CXX object PyUQTk/mcmc/CMakeFiles/_mcmc.dir/mcmcPYTHON_wrap.cxx.o
[100%] Building CXX object PyUQTk/mcmc/CMakeFiles/_mcmc.dir/__/__/cpp/lib/mcmc/mcmc.cpp.o
Linking CXX shared module _mcmc.so
[100%] Built target _mcmc
[ 40%] Built target depuqtk
[ 44%] Built target depslatec
[ 57%] Built target depblas
[ 79%] Built target deplapack
[ 80%] Built target depdsfmt
[ 80%] Built target deplbfgs
[ 81%] Built target depnvec
[ 84%] Built target depcvode
[ 87%] Built target uqtk
[ 88%] Built target uqtkarray
[ 89%] Built target uqtktools
[ 90%] Built target uqtkquad
[ 90%] Built target uqtkpce
[ 90%] Built target uqtkkle
[ 90%] Built target uqtkbcs
[ 90%] Built target uqtkmcmc
[ 91%] Built target uqtkxmlutils
[ 92%] Built target gen_mi
[ 92%] Built target generate_quad
[ 92%] Built target model_inf
[ 92%] Built target pce_eval
[ 93%] Built target pce_quad
[ 93%] Built target pce_resp
[ 93%] Built target pce_rv
[ 93%] Built target pce_sens
[ 93%] Built target ArrayReadAndWrite
[ 93%] Built target ArrayDelColumn
[ 94%] Built target QuadLUTest
[ 94%] Built target LogComp.x
[ 94%] Built target Ops.x
[ 94%] Built target line_infer.x
[ 94%] Built target pce_bcs.x
[ 94%] Built target SurfRxnDet.x
[ 94%] Built target SurfRxnISP.x
[ 95%] Built target SurfRxnNISP.x
[ 95%] Built target SurfRxnNISP_MC.x
[ 96%] Built target _array
[ 96%] Built target _quad
[ 98%] Built target _tools
[ 99%] Built target _kle
[100%] Built target _pce
[100%] Built target _bcs
[100%] Built target _mcmc
Install the project...
-- Install configuration: ""
-- Installing: somedir/UQTk-build/../UQTk-install/lib/libdepuqtk.a
-- Installing: somedir/UQTk-build/../UQTk-install/lib/libdepslatec.a
-- Installing: somedir/UQTk-build/../UQTk-install/include/dep/depslatec.h
-- Installing: somedir/UQTk-build/../UQTk-install/lib/libdepblas.a
-- Installing: somedir/UQTk-build/../UQTk-install/include/dep/depblas.h
-- Installing: somedir/UQTk-build/../UQTk-install/lib/libdeplapack.a
-- Installing: somedir/UQTk-build/../UQTk-install/include/dep/deplapack.h
-- Installing: somedir/UQTk-build/../UQTk-install/lib/libdepdsfmt.a
-- Installing: somedir/UQTk-build/../UQTk-install/include/dep/dSFMT-params.h
-- Installing: somedir/UQTk-build/../UQTk-install/include/dep/dSFMT-params11213.h
-- Installing: somedir/UQTk-build/../UQTk-install/include/dep/dSFMT-params1279.h
-- Installing: somedir/UQTk-build/../UQTk-install/include/dep/dSFMT-params132049.h
-- Installing: somedir/UQTk-build/../UQTk-install/include/dep/dSFMT-params19937.h
-- Installing: somedir/UQTk-build/../UQTk-install/include/dep/dSFMT-params216091.h
-- Installing: somedir/UQTk-build/../UQTk-install/include/dep/dSFMT-params2203.h
-- Installing: somedir/UQTk-build/../UQTk-install/include/dep/dSFMT-params4253.h
-- Installing: somedir/UQTk-build/../UQTk-install/include/dep/dSFMT-params44497.h
-- Installing: somedir/UQTk-build/../UQTk-install/include/dep/dSFMT-params521.h
-- Installing: somedir/UQTk-build/../UQTk-install/include/dep/dSFMT-params86243.h
-- Installing: somedir/UQTk-build/../UQTk-install/include/dep/dSFMT.h
-- Installing: somedir/UQTk-build/../UQTk-install/include/dep/dsfmt_add.h
-- Installing: somedir/UQTk-build/../UQTk-install/lib/libdeplbfgs.a
-- Installing: somedir/UQTk-build/../UQTk-install/include/dep/lbfgs_routines.h
-- Installing: somedir/UQTk-build/../UQTk-install/include/dep/sundials/sundials_config.h

Install shared components

-- Installing: somedir/UQTk-build/../UQTk-install/include/dep/sundials/sundials_band.h
-- Installing: somedir/UQTk-build/../UQTk-install/include/dep/sundials/sundials_dense.h
-- Installing: somedir/UQTk-build/../UQTk-install/include/dep/sundials/sundials_direct.h
-- Installing: somedir/UQTk-build/../UQTk-install/include/dep/sundials/sundials_iterative.h
-- Installing: somedir/UQTk-build/../UQTk-install/include/dep/sundials/sundials_math.h
-- Installing: somedir/UQTk-build/../UQTk-install/include/dep/sundials/sundials_nvector.h
-- Installing: somedir/UQTk-build/../UQTk-install/include/dep/sundials/sundials_fnvector.h
-- Installing: somedir/UQTk-build/../UQTk-install/include/dep/sundials/sundials_spbcgs.h
-- Installing: somedir/UQTk-build/../UQTk-install/include/dep/sundials/sundials_spgmr.h
-- Installing: somedir/UQTk-build/../UQTk-install/include/dep/sundials/sundials_sptfqmr.h
-- Installing: somedir/UQTk-build/../UQTk-install/include/dep/sundials/sundials_types.h

Install NVECTOR_SERIAL

-- Installing: somedir/UQTk-build/../UQTk-install/lib/libdepnvec.a
-- Installing: somedir/UQTk-build/../UQTk-install/include/dep/nvector/nvector_serial.h

Install CVODE

-- Installing: somedir/UQTk-build/../UQTk-install/lib/libdepcvode.a
-- Installing: somedir/UQTk-build/../UQTk-install/include/dep/cvode/cvode_band.h
-- Installing: somedir/UQTk-build/../UQTk-install/include/dep/cvode/cvode_bandpre.h
-- Installing: somedir/UQTk-build/../UQTk-install/include/dep/cvode/cvode_bbdpre.h
-- Installing: somedir/UQTk-build/../UQTk-install/include/dep/cvode/cvode_dense.h
-- Installing: somedir/UQTk-build/../UQTk-install/include/dep/cvode/cvode_diag.h
-- Installing: somedir/UQTk-build/../UQTk-install/include/dep/cvode/cvode_direct.h
-- Installing: somedir/UQTk-build/../UQTk-install/include/dep/cvode/cvode.h
-- Installing: somedir/UQTk-build/../UQTk-install/include/dep/cvode/cvode_spbcgs.h
-- Installing: somedir/UQTk-build/../UQTk-install/include/dep/cvode/cvode_spgmr.h
-- Installing: somedir/UQTk-build/../UQTk-install/include/dep/cvode/cvode_spils.h
-- Installing: somedir/UQTk-build/../UQTk-install/include/dep/cvode/cvode_sptfqmr.h
-- Installing: somedir/UQTk-build/../UQTk-install/include/dep/cvode/cvode_impl.h
-- Installing: somedir/UQTk-build/../UQTk-install/lib/libuqtk.a
-- Installing: somedir/UQTk-build/../UQTk-install/lib/libuqtkarray.a
-- Installing: somedir/UQTk-build/../UQTk-install/include/uqtk/Array1D.h
-- Installing: somedir/UQTk-build/../UQTk-install/include/uqtk/Array2D.h
-- Installing: somedir/UQTk-build/../UQTk-install/include/uqtk/arrayio.h
-- Installing: somedir/UQTk-build/../UQTk-install/include/uqtk/arraytools.h
-- Installing: somedir/UQTk-build/../UQTk-install/lib/libuqtktools.a
-- Installing: somedir/UQTk-build/../UQTk-install/include/uqtk/combin.h
-- Installing: somedir/UQTk-build/../UQTk-install/include/uqtk/gq.h
-- Installing: somedir/UQTk-build/../UQTk-install/include/uqtk/minmax.h
-- Installing: somedir/UQTk-build/../UQTk-install/include/uqtk/multiindex.h
-- Installing: somedir/UQTk-build/../UQTk-install/include/uqtk/pcmaps.h
-- Installing: somedir/UQTk-build/../UQTk-install/include/uqtk/probability.h
-- Installing: somedir/UQTk-build/../UQTk-install/include/uqtk/rosenblatt.h
-- Installing: somedir/UQTk-build/../UQTk-install/include/uqtk/tools.h
-- Installing: somedir/UQTk-build/../UQTk-install/lib/libuqtkquad.a
-- Installing: somedir/UQTk-build/../UQTk-install/include/uqtk/quad.h
-- Installing: somedir/UQTk-build/../UQTk-install/lib/libuqtkpce.a
-- Installing: somedir/UQTk-build/../UQTk-install/include/uqtk/PCSet.h
-- Installing: somedir/UQTk-build/../UQTk-install/include/uqtk/PCBasis.h
-- Installing: somedir/UQTk-build/../UQTk-install/lib/libuqtkkle.a
-- Installing: somedir/UQTk-build/../UQTk-install/include/uqtk/kle.h
-- Installing: somedir/UQTk-build/../UQTk-install/lib/libuqtkbcs.a
-- Installing: somedir/UQTk-build/../UQTk-install/include/uqtk/fast_laplace.h
-- Installing: somedir/UQTk-build/../UQTk-install/lib/libuqtkmcmc.a
-- Installing: somedir/UQTk-build/../UQTk-install/include/uqtk/mcmc.h
-- Installing: somedir/UQTk-build/../UQTk-install/lib/libuqtkxmlutils.a
-- Installing: somedir/UQTk-build/../UQTk-install/include/uqtk/XMLUtils.h
-- Installing: somedir/UQTk-build/../UQTk-install/include/uqtk/XMLExpatParser.h
-- Installing: somedir/UQTk-build/../UQTk-install/include/uqtk/XMLParser.h
-- Installing: somedir/UQTk-build/../UQTk-install/include/uqtk/XMLElement.h
-- Installing: somedir/UQTk-build/../UQTk-install/include/uqtk/Object.h
-- Installing: somedir/UQTk-build/../UQTk-install/include/uqtk/RefPtr.h
-- Installing: somedir/UQTk-build/../UQTk-install/include/uqtk/MyException.h
-- Installing: somedir/UQTk-build/../UQTk-install/include/uqtk/XMLAttributeList.h
-- Installing: somedir/UQTk-build/../UQTk-install/include/uqtk/error_handlers.h
-- Installing: somedir/UQTk-build/../UQTk-install/include/uqtk/ftndefs.h
-- Installing: somedir/UQTk-build/../UQTk-install/include/uqtk/gen_defs.h
-- Installing: somedir/UQTk-build/../UQTk-install/include/uqtk/uqtkconfig.h
-- Installing: somedir/UQTk-build/../UQTk-install/bin/gen_mi
-- Installing: somedir/UQTk-build/../UQTk-install/bin/generate_quad
-- Installing: somedir/UQTk-build/../UQTk-install/bin/model_inf
-- Installing: somedir/UQTk-build/../UQTk-install/bin/pce_eval
-- Installing: somedir/UQTk-build/../UQTk-install/bin/pce_quad
-- Installing: somedir/UQTk-build/../UQTk-install/bin/pce_resp
-- Installing: somedir/UQTk-build/../UQTk-install/bin/pce_rv
-- Installing: somedir/UQTk-build/../UQTk-install/bin/pce_sens
-- Installing: somedir/UQTk-build/../UQTk-install/bin/tests/ArrayReadAndWrite
-- Installing: somedir/UQTk-build/../UQTk-install/bin/tests/ArrayDelColumn
-- Installing: somedir/UQTk-build/../UQTk-install/cpp/tests/QuadLUTest/quadpnts.txt
-- Installing: somedir/UQTk-build/../UQTk-install/cpp/tests/QuadLUTest/quadwghts.txt
-- Installing: somedir/UQTk-build/../UQTk-install/bin/tests/QuadLUTest
-- Installing: somedir/UQTk-build/../UQTk-install/examples/ops/Ops.x
-- Installing: somedir/UQTk-build/../UQTk-install/examples/ops/LogComp.x
-- Installing: somedir/UQTk-build/../UQTk-install/examples/ops/plot_logs.py
-- Installing: somedir/UQTk-build/../UQTk-install/examples/ops/plot_pdf.py
-- Installing: somedir/UQTk-build/../UQTk-install/examples/ops/LogComp.cpp
-- Installing: somedir/UQTk-build/../UQTk-install/examples/ops/Ops.cpp
-- Installing: somedir/UQTk-build/../UQTk-install/examples/ops/Utils.cpp
-- Installing: somedir/UQTk-build/../UQTk-install/examples/ops/Utils.h
-- Installing: somedir/UQTk-build/../UQTk-install/examples/line_infer/line_infer.x
-- Installing: somedir/UQTk-build/../UQTk-install/examples/line_infer/line_infer.cpp
-- Installing: somedir/UQTk-build/../UQTk-install/examples/line_infer/model.h
-- Installing: somedir/UQTk-build/../UQTk-install/examples/line_infer/posterior.h
-- Installing: somedir/UQTk-build/../UQTk-install/examples/line_infer/XMLreader.h
-- Installing: somedir/UQTk-build/../UQTk-install/examples/line_infer/line_infer.xml.templ
-- Installing: somedir/UQTk-build/../UQTk-install/examples/line_infer/line_infer.py
-- Installing: somedir/UQTk-build/../UQTk-install/examples/pce_bcs/pce_bcs.x
-- Installing: somedir/UQTk-build/../UQTk-install/examples/pce_bcs/pce_bcs.cpp
-- Installing: somedir/UQTk-build/../UQTk-install/examples/pce_bcs/pce_bcs.h
-- Installing: somedir/UQTk-build/../UQTk-install/examples/surf_rxn/SurfRxnNISP.x
-- Installing: somedir/UQTk-build/../UQTk-install/examples/surf_rxn/SurfRxnNISP_MC.x
-- Installing: somedir/UQTk-build/../UQTk-install/examples/surf_rxn/SurfRxnISP.x
-- Installing: somedir/UQTk-build/../UQTk-install/examples/surf_rxn/SurfRxnDet.x
-- Installing: somedir/UQTk-build/../UQTk-install/examples/surf_rxn/SurfRxnNISP.cpp
-- Installing: somedir/UQTk-build/../UQTk-install/examples/surf_rxn/SurfRxnNISP_MC.cpp
-- Installing: somedir/UQTk-build/../UQTk-install/examples/surf_rxn/SurfRxnISP.cpp
-- Installing: somedir/UQTk-build/../UQTk-install/examples/surf_rxn/SurfRxnDet.cpp
-- Installing: somedir/UQTk-build/../UQTk-install/examples/surf_rxn/Utils.cpp
-- Installing: somedir/UQTk-build/../UQTk-install/examples/surf_rxn/model.h
-- Installing: somedir/UQTk-build/../UQTk-install/examples/surf_rxn/XMLreader.h
-- Installing: somedir/UQTk-build/../UQTk-install/examples/surf_rxn/posterior.h
-- Installing: somedir/UQTk-build/../UQTk-install/examples/surf_rxn/Utils.h
-- Installing: somedir/UQTk-build/../UQTk-install/examples/surf_rxn/prob2_surf_rxn.in.xml.templ
-- Installing: somedir/UQTk-build/../UQTk-install/examples/surf_rxn/prob4_surf_rxn.in.xml.templ
-- Installing: somedir/UQTk-build/../UQTk-install/examples/surf_rxn/surf_rxn.in.xml.templ
-- Installing: somedir/UQTk-build/../UQTk-install/examples/surf_rxn/surf_rxn.in.xml.tp3
-- Installing: somedir/UQTk-build/../UQTk-install/examples/surf_rxn/SurfRxnMulti.py
-- Installing: somedir/UQTk-build/../UQTk-install/examples/surf_rxn/file_utils.py
-- Installing: somedir/UQTk-build/../UQTk-install/examples/surf_rxn/plChain.py
-- Installing: somedir/UQTk-build/../UQTk-install/examples/surf_rxn/plPDF_bw.py
-- Installing: somedir/UQTk-build/../UQTk-install/examples/surf_rxn/plPDF_method.py
-- Installing: somedir/UQTk-build/../UQTk-install/examples/surf_rxn/plSurfRxnMstd.py
-- Installing: somedir/UQTk-build/../UQTk-install/examples/surf_rxn/plTriang.py
-- Installing: somedir/UQTk-build/../UQTk-install/examples/surf_rxn/plot_chain_samples.py
-- Installing: somedir/UQTk-build/../UQTk-install/examples/surf_rxn/plot_surf_rxn_ISP-NISP_umodes.py
-- Installing: somedir/UQTk-build/../UQTk-install/examples/surf_rxn/plot_surf_rxn_ISP_umodes.py
-- Installing: somedir/UQTk-build/../UQTk-install/examples/surf_rxn/plot_surf_rxn_NISP_umodes.py
-- Installing: somedir/UQTk-build/../UQTk-install/examples/surf_rxn/plot_utils.py
-- Installing: somedir/UQTk-build/../UQTk-install/examples/surf_rxn/plot_uvdata.py
-- Installing: somedir/UQTk-build/../UQTk-install/examples/surf_rxn/postpred.py
-- Installing: somedir/UQTk-build/../UQTk-install/examples/surf_rxn/prob2.py
-- Installing: somedir/UQTk-build/../UQTk-install/examples/surf_rxn/prob3.py
-- Installing: somedir/UQTk-build/../UQTk-install/examples/surf_rxn/prob3_utils.py
-- Installing: somedir/UQTk-build/../UQTk-install/examples/surf_rxn/prob4.py
-- Installing: somedir/UQTk-build/../UQTk-install/examples/surf_rxn/utils.py
-- Installing: somedir/UQTk-build/../UQTk-install/examples/surf_rxn/README
-- Installing: somedir/UQTk-build/../UQTk-install/examples/surf_rxn/prob2.pdf
-- Installing: somedir/UQTk-build/../UQTk-install/examples/surf_rxn/prob3.pdf
-- Installing: somedir/UQTk-build/../UQTk-install/examples/surf_rxn/prob3_PCEdens.pdf
-- Installing: somedir/UQTk-build/../UQTk-install/examples/surf_rxn/prob3_PCEdens_100k.pdf
-- Installing: somedir/UQTk-build/../UQTk-install/examples/surf_rxn/prob3_PCEdens_1500k.pdf
-- Installing: somedir/UQTk-build/../UQTk-install/examples/surf_rxn/prob3_model.pdf
-- Installing: somedir/UQTk-build/../UQTk-install/examples/surf_rxn/surf_rxn_doc.pdf
-- Installing: somedir/UQTk-build/../UQTk-install/PyUQTk/__init__.py
-- Installing: somedir/UQTk-build/../UQTk-install/PyUQTk/inference/__init__.py
-- Installing: somedir/UQTk-build/../UQTk-install/PyUQTk/inference/mcmc.py
-- Installing: somedir/UQTk-build/../UQTk-install/PyUQTk/inference/postproc.py
-- Installing: somedir/UQTk-build/../UQTk-install/PyUQTk/plotting/__init__.py
-- Installing: somedir/UQTk-build/../UQTk-install/PyUQTk/plotting/surrogate.py
-- Installing: somedir/UQTk-build/../UQTk-install/PyUQTk/sens/__init__.py
-- Installing: somedir/UQTk-build/../UQTk-install/PyUQTk/sens/gsalib.py
-- Installing: somedir/UQTk-build/../UQTk-install/PyUQTk/utils/__init__.py
-- Installing: somedir/UQTk-build/../UQTk-install/PyUQTk/utils/utils.py
-- Installing: somedir/UQTk-build/../UQTk-install/PyUQTk/_array.so
-- Installing: somedir/UQTk-build/../UQTk-install/PyUQTk/array.py
-- Installing: somedir/UQTk-build/../UQTk-install/PyUQTk/_quad.so
-- Installing: somedir/UQTk-build/../UQTk-install/PyUQTk/quad.py
-- Installing: somedir/UQTk-build/../UQTk-install/PyUQTk/_tools.so
-- Installing: somedir/UQTk-build/../UQTk-install/PyUQTk/tools.py
-- Installing: somedir/UQTk-build/../UQTk-install/PyUQTk/_kle.so
-- Installing: somedir/UQTk-build/../UQTk-install/PyUQTk/kle.py
-- Installing: somedir/UQTk-build/../UQTk-install/PyUQTk/_pce.so
-- Installing: somedir/UQTk-build/../UQTk-install/PyUQTk/pce.py
-- Installing: somedir/UQTk-build/../UQTk-install/PyUQTk/_bcs.so
-- Installing: somedir/UQTk-build/../UQTk-install/PyUQTk/bcs.py
-- Installing: somedir/UQTk-build/../UQTk-install/PyUQTk/_mcmc.so
-- Installing: somedir/UQTk-build/../UQTk-install/PyUQTk/mcmc.py
-- Installing: somedir/UQTk-build/../UQTk-install/PyUQTk/pytests/ArrayNumpy2UQTk.py
-- Installing: somedir/UQTk-build/../UQTk-install/PyUQTk/pytests/QuadTest.py
